2026-01-19T14:32:51.704+08:00  WARN 25384 --- [main] c.a.nacos.client.logging.NacosLogging    : Load Logback Configuration of Nacos fail, message: Could not initialize Logback Nacos logging from classpath:nacos-logback.xml
2026-01-19T14:32:51.714+08:00  WARN 25384 --- [main] c.a.nacos.client.logging.NacosLogging    : Load Logback Configuration of Nacos fail, message: Could not initialize Logback Nacos logging from classpath:nacos-logback.xml
2026-01-19T14:32:51.714+08:00  INFO 25384 --- [main] com.spring.BlogServiceApplication        : No active profile set, falling back to 1 default profile: "default"
2026-01-19T14:32:52.123+08:00  INFO 25384 --- [main] .s.d.r.c.RepositoryConfigurationDelegate : Multiple Spring Data modules found, entering strict repository configuration mode
2026-01-19T14:32:52.125+08:00  INFO 25384 --- [main] .s.d.r.c.RepositoryConfigurationDelegate : Bootstrapping Spring Data Redis repositories in DEFAULT mode.
2026-01-19T14:32:52.145+08:00  INFO 25384 --- [main] .s.d.r.c.RepositoryConfigurationDelegate : Finished Spring Data repository scanning in 10 ms. Found 0 Redis repository interfaces.
2026-01-19T14:32:52.286+08:00  INFO 25384 --- [main] o.s.cloud.context.scope.GenericScope     : BeanFactory id=92a4aad9-04f8-352b-8662-381020a86885
2026-01-19T14:32:52.721+08:00  INFO 25384 --- [main] o.s.b.w.embedded.tomcat.TomcatWebServer  : Tomcat initialized with port(s): 9090 (http)
2026-01-19T14:32:52.727+08:00  INFO 25384 --- [main] o.apache.catalina.core.StandardService   : Starting service [Tomcat]
2026-01-19T14:32:52.727+08:00  INFO 25384 --- [main] o.apache.catalina.core.StandardEngine    : Starting Servlet engine: [Apache Tomcat/10.1.16]
2026-01-19T14:32:52.854+08:00  INFO 25384 --- [main] o.a.c.c.C.[Tomcat].[localhost].[/]       : Initializing Spring embedded WebApplicationContext
2026-01-19T14:32:52.854+08:00  INFO 25384 --- [main] w.s.c.ServletWebServerApplicationContext : Root WebApplicationContext: initialization completed in 1128 ms
2026-01-19T14:32:53.222+08:00  INFO 25384 --- [main] c.a.c.sentinel.SentinelWebMvcConfigurer  : [Sentinel Starter] register SentinelWebInterceptor with urlPatterns: [/**].
2026-01-19T14:32:54.312+08:00  WARN 25384 --- [main] iguration$LoadBalancerCaffeineWarnLogger : Spring Cloud LoadBalancer is currently working with the default cache. While this cache implementation is useful for development and tests, it's recommended to use Caffeine cache in production.You can switch to using Caffeine cache, by adding it and org.springframework.cache.caffeine.CaffeineCacheManager to the classpath.
2026-01-19T14:32:54.397+08:00  INFO 25384 --- [main] o.s.b.w.embedded.tomcat.TomcatWebServer  : Tomcat started on port(s): 9090 (http) with context path ''
2026-01-19T14:32:54.401+08:00  WARN 25384 --- [main] c.a.nacos.client.logging.NacosLogging    : Load Logback Configuration of Nacos fail, message: Could not initialize Logback Nacos logging from classpath:nacos-logback.xml
2026-01-19T14:32:54.402+08:00  INFO 25384 --- [main] com.alibaba.nacos.client.naming          : initializer namespace from ans.namespace attribute : null
2026-01-19T14:32:54.402+08:00  INFO 25384 --- [main] com.alibaba.nacos.client.naming          : initializer namespace from ALIBABA_ALIWARE_NAMESPACE attribute :null
2026-01-19T14:32:54.402+08:00  INFO 25384 --- [main] com.alibaba.nacos.client.naming          : initializer namespace from namespace attribute :null
2026-01-19T14:32:54.422+08:00  INFO 25384 --- [main] c.alibaba.nacos.client.utils.ParamUtil   : [settings] [req-serv] nacos-server port:8848
2026-01-19T14:32:54.423+08:00  INFO 25384 --- [main] c.alibaba.nacos.client.utils.ParamUtil   : [settings] [http-client] connect timeout:1000
2026-01-19T14:32:54.424+08:00  INFO 25384 --- [main] c.alibaba.nacos.client.utils.ParamUtil   : PER_TASK_CONFIG_SIZE: 3000.0
2026-01-19T14:32:54.428+08:00  INFO 25384 --- [main] c.a.n.p.a.s.c.ClientAuthPluginManager    : [ClientAuthPluginManager] Load ClientAuthService com.alibaba.nacos.client.auth.impl.NacosClientAuthServiceImpl success.
2026-01-19T14:32:54.429+08:00  INFO 25384 --- [main] c.a.n.p.a.s.c.ClientAuthPluginManager    : [ClientAuthPluginManager] Load ClientAuthService com.alibaba.nacos.client.auth.ram.RamClientAuthServiceImpl success.
2026-01-19T14:32:54.430+08:00  INFO 25384 --- [main] c.a.n.c.a.r.identify.CredentialWatcher   : null No credential found
2026-01-19T14:32:54.438+08:00  INFO 25384 --- [main] com.alibaba.nacos.common.remote.client   : [RpcClientFactory] create a new rpc client of b225e466-5d76-41c0-a273-b5cad0480f1c
2026-01-19T14:32:54.452+08:00  INFO 25384 --- [main] com.alibaba.nacos.common.remote.client   : [b225e466-5d76-41c0-a273-b5cad0480f1c] RpcClient init, ServerListFactory = com.alibaba.nacos.client.naming.core.ServerListManager
2026-01-19T14:32:54.453+08:00  INFO 25384 --- [main] com.alibaba.nacos.common.remote.client   : [b225e466-5d76-41c0-a273-b5cad0480f1c] Registry connection listener to current client:com.alibaba.nacos.client.naming.remote.gprc.redo.NamingGrpcRedoService
2026-01-19T14:32:54.453+08:00  INFO 25384 --- [main] com.alibaba.nacos.common.remote.client   : [b225e466-5d76-41c0-a273-b5cad0480f1c] Register server push request handler:com.alibaba.nacos.client.naming.remote.gprc.NamingPushRequestHandler
2026-01-19T14:32:54.455+08:00  INFO 25384 --- [main] com.alibaba.nacos.common.remote.client   : [b225e466-5d76-41c0-a273-b5cad0480f1c] Try to connect to server on start up, server: {serverIp = '43.138.24.159', server main port = 8848}
2026-01-19T14:32:54.457+08:00  INFO 25384 --- [main] c.a.n.c.remote.client.grpc.GrpcClient    : grpc client connection server:43.138.24.159 ip,serverPort:9848,grpcTslConfig:{"sslProvider":"OPENSSL","enableTls":false,"mutualAuthEnable":false,"trustAll":false}
2026-01-19T14:32:55.530+08:00  INFO 25384 --- [main] com.alibaba.nacos.common.remote.client   : [b225e466-5d76-41c0-a273-b5cad0480f1c] Success to connect to server [43.138.24.159:8848] on start up, connectionId = 1768804381816_210.41.102.137_60591
2026-01-19T14:32:55.531+08:00  INFO 25384 --- [com.alibaba.nacos.client.remote.worker] com.alibaba.nacos.common.remote.client   : [b225e466-5d76-41c0-a273-b5cad0480f1c] Notify connected event to listeners.
2026-01-19T14:32:55.531+08:00  INFO 25384 --- [main] com.alibaba.nacos.common.remote.client   : [b225e466-5d76-41c0-a273-b5cad0480f1c] Register server push request handler:com.alibaba.nacos.common.remote.client.RpcClient$ConnectResetRequestHandler
2026-01-19T14:32:55.531+08:00  INFO 25384 --- [com.alibaba.nacos.client.remote.worker] com.alibaba.nacos.client.naming          : Grpc connection connect
2026-01-19T14:32:55.531+08:00  INFO 25384 --- [main] com.alibaba.nacos.common.remote.client   : [b225e466-5d76-41c0-a273-b5cad0480f1c] Register server push request handler:com.alibaba.nacos.common.remote.client.RpcClient$$Lambda$1221/0x000002451c843900
2026-01-19T14:32:55.532+08:00  INFO 25384 --- [main] com.alibaba.nacos.client.naming          : [REGISTER-SERVICE] public registering service blog-service with instance Instance{instanceId='null', ip='192.168.31.202', port=9090, weight=1.0, healthy=true, enabled=true, ephemeral=true, clusterName='DEFAULT', serviceName='null', metadata={IPv6=null, preserved.register.source=SPRING_CLOUD}}
2026-01-19T14:32:55.581+08:00  INFO 25384 --- [main] c.a.c.n.registry.NacosServiceRegistry    : nacos registry, DEFAULT_GROUP blog-service 192.168.31.202:9090 register finished
2026-01-19T14:32:55.848+08:00  INFO 25384 --- [main] com.spring.BlogServiceApplication        : Started BlogServiceApplication in 5.256 seconds (process running for 5.895)
2026-01-19T14:33:40.123+08:00  INFO 25384 --- [http-nio-9090-exec-1] o.a.c.c.C.[Tomcat].[localhost].[/]       : Initializing Spring DispatcherServlet 'dispatcherServlet'
2026-01-19T14:33:40.123+08:00  INFO 25384 --- [http-nio-9090-exec-1] o.s.web.servlet.DispatcherServlet        : Initializing Servlet 'dispatcherServlet'
2026-01-19T14:33:40.124+08:00  INFO 25384 --- [http-nio-9090-exec-1] o.s.web.servlet.DispatcherServlet        : Completed initialization in 1 ms
2026-01-19T14:33:40.248+08:00  INFO 25384 --- [http-nio-9090-exec-1] com.spring.controller.BlogController     : getBlogDetail, blogId: 1
2026-01-19T14:33:40.312+08:00  INFO 25384 --- [http-nio-9090-exec-1] com.zaxxer.hikari.HikariDataSource       : HikariPool-1 - Starting...
2026-01-19T14:33:40.431+08:00  INFO 25384 --- [http-nio-9090-exec-1] com.zaxxer.hikari.pool.HikariPool        : HikariPool-1 - Added connection com.mysql.cj.jdbc.ConnectionImpl@477223a0
2026-01-19T14:33:40.431+08:00  INFO 25384 --- [http-nio-9090-exec-1] com.zaxxer.hikari.HikariDataSource       : HikariPool-1 - Start completed.
2026-01-19T14:33:47.016+08:00  WARN 25384 --- [Thread-5] c.a.nacos.common.notify.NotifyCenter     : [NotifyCenter] Start destroying Publisher
2026-01-19T14:33:47.016+08:00  WARN 25384 --- [Thread-8] c.a.n.common.http.HttpClientBeanHolder   : [HttpClientBeanHolder] Start destroying common HttpClient
2026-01-19T14:33:47.017+08:00  WARN 25384 --- [Thread-5] c.a.nacos.common.notify.NotifyCenter     : [NotifyCenter] Destruction of the end
2026-01-19T14:33:47.017+08:00  WARN 25384 --- [Thread-8] c.a.n.common.http.HttpClientBeanHolder   : [HttpClientBeanHolder] Destruction of the end
2026-01-19T14:33:47.063+08:00  INFO 25384 --- [SpringApplicationShutdownHook] c.a.c.n.registry.NacosServiceRegistry    : De-registering from Nacos Server now...
2026-01-19T14:33:47.063+08:00  INFO 25384 --- [SpringApplicationShutdownHook] com.alibaba.nacos.client.naming          : [DEREGISTER-SERVICE] public deregistering service blog-service with instance: Instance{instanceId='null', ip='192.168.31.202', port=9090, weight=1.0, healthy=true, enabled=true, ephemeral=true, clusterName='DEFAULT', serviceName='null', metadata={}}
2026-01-19T14:33:47.104+08:00  INFO 25384 --- [SpringApplicationShutdownHook] c.a.c.n.registry.NacosServiceRegistry    : De-registration finished.
2026-01-19T14:33:47.104+08:00  INFO 25384 --- [SpringApplicationShutdownHook] com.alibaba.nacos.client.naming          : com.alibaba.nacos.client.naming.cache.ServiceInfoHolder do shutdown begin
2026-01-19T14:33:47.104+08:00  INFO 25384 --- [SpringApplicationShutdownHook] com.alibaba.nacos.client.naming          : com.alibaba.nacos.client.naming.backups.FailoverReactor do shutdown begin
2026-01-19T14:33:47.105+08:00  INFO 25384 --- [SpringApplicationShutdownHook] com.alibaba.nacos.client.naming          : com.alibaba.nacos.client.naming.backups.FailoverReactor do shutdown stop
2026-01-19T14:33:47.105+08:00  INFO 25384 --- [SpringApplicationShutdownHook] com.alibaba.nacos.client.naming          : com.alibaba.nacos.client.naming.cache.ServiceInfoHolder do shutdown stop
2026-01-19T14:33:47.105+08:00  INFO 25384 --- [SpringApplicationShutdownHook] com.alibaba.nacos.client.naming          : com.alibaba.nacos.client.naming.remote.NamingClientProxyDelegate do shutdown begin
2026-01-19T14:33:47.105+08:00  INFO 25384 --- [SpringApplicationShutdownHook] com.alibaba.nacos.client.naming          : com.alibaba.nacos.client.naming.core.ServiceInfoUpdateService do shutdown begin
2026-01-19T14:33:47.105+08:00  INFO 25384 --- [SpringApplicationShutdownHook] com.alibaba.nacos.client.naming          : com.alibaba.nacos.client.naming.core.ServiceInfoUpdateService do shutdown stop
2026-01-19T14:33:47.105+08:00  INFO 25384 --- [SpringApplicationShutdownHook] com.alibaba.nacos.client.naming          : com.alibaba.nacos.client.naming.core.ServerListManager do shutdown begin
2026-01-19T14:33:47.105+08:00  WARN 25384 --- [SpringApplicationShutdownHook] com.alibaba.nacos.client.naming          : [NamingHttpClientManager] Start destroying NacosRestTemplate
2026-01-19T14:33:47.105+08:00  WARN 25384 --- [SpringApplicationShutdownHook] com.alibaba.nacos.client.naming          : [NamingHttpClientManager] Destruction of the end
2026-01-19T14:33:47.105+08:00  INFO 25384 --- [SpringApplicationShutdownHook] com.alibaba.nacos.client.naming          : com.alibaba.nacos.client.naming.core.ServerListManager do shutdown stop
2026-01-19T14:33:47.105+08:00  INFO 25384 --- [SpringApplicationShutdownHook] com.alibaba.nacos.client.naming          : com.alibaba.nacos.client.naming.remote.http.NamingHttpClientProxy do shutdown begin
2026-01-19T14:33:47.105+08:00  WARN 25384 --- [SpringApplicationShutdownHook] com.alibaba.nacos.client.naming          : [NamingHttpClientManager] Start destroying NacosRestTemplate
2026-01-19T14:33:47.105+08:00  WARN 25384 --- [SpringApplicationShutdownHook] com.alibaba.nacos.client.naming          : [NamingHttpClientManager] Destruction of the end
2026-01-19T14:33:47.105+08:00  INFO 25384 --- [SpringApplicationShutdownHook] com.alibaba.nacos.client.naming          : com.alibaba.nacos.client.naming.remote.http.NamingHttpClientProxy do shutdown stop
2026-01-19T14:33:47.105+08:00  INFO 25384 --- [SpringApplicationShutdownHook] com.alibaba.nacos.common.remote.client   : Shutdown rpc client, set status to shutdown
2026-01-19T14:33:47.105+08:00  INFO 25384 --- [SpringApplicationShutdownHook] com.alibaba.nacos.common.remote.client   : Shutdown client event executor java.util.concurrent.ScheduledThreadPoolExecutor@14e47985[Running, pool size = 2, active threads = 2, queued tasks = 0, completed tasks = 0]
2026-01-19T14:33:47.105+08:00  INFO 25384 --- [SpringApplicationShutdownHook] com.alibaba.nacos.common.remote.client   : Close current connection 1768804381816_210.41.102.137_60591
2026-01-19T14:33:47.108+08:00  WARN 25384 --- [nacos-grpc-client-executor-43.138.24.159-23] c.a.n.c.remote.client.grpc.GrpcClient    : [1768804381816_210.41.102.137_60591]Ignore error event,isRunning:false,isAbandon=false
2026-01-19T14:33:47.109+08:00  INFO 25384 --- [SpringApplicationShutdownHook] c.a.n.c.remote.client.grpc.GrpcClient    : Shutdown grpc executor java.util.concurrent.ThreadPoolExecutor@4f5a76f0[Running, pool size = 5, active threads = 0, queued tasks = 0, completed tasks = 24]
2026-01-19T14:33:47.109+08:00  INFO 25384 --- [SpringApplicationShutdownHook] com.alibaba.nacos.client.naming          : Shutdown grpc redo service executor java.util.concurrent.ScheduledThreadPoolExecutor@39002607[Running, pool size = 1, active threads = 0, queued tasks = 1, completed tasks = 17]
2026-01-19T14:33:47.110+08:00  INFO 25384 --- [SpringApplicationShutdownHook] c.a.n.c.a.r.identify.CredentialWatcher   : [null] CredentialWatcher is stopped
2026-01-19T14:33:47.110+08:00  INFO 25384 --- [SpringApplicationShutdownHook] c.a.n.c.a.r.identify.CredentialService   : [null] CredentialService is freed
2026-01-19T14:33:47.110+08:00  INFO 25384 --- [SpringApplicationShutdownHook] com.alibaba.nacos.client.naming          : com.alibaba.nacos.client.naming.remote.NamingClientProxyDelegate do shutdown stop
2026-01-19T14:33:47.111+08:00  INFO 25384 --- [SpringApplicationShutdownHook] com.zaxxer.hikari.HikariDataSource       : HikariPool-1 - Shutdown initiated...
2026-01-19T14:33:47.117+08:00  INFO 25384 --- [SpringApplicationShutdownHook] com.zaxxer.hikari.HikariDataSource       : HikariPool-1 - Shutdown completed.
