2026-01-19T14:32:57.778+08:00  WARN 37304 --- [main] c.a.nacos.client.logging.NacosLogging    : Load Logback Configuration of Nacos fail, message: Could not initialize Logback Nacos logging from classpath:nacos-logback.xml
2026-01-19T14:32:57.786+08:00  WARN 37304 --- [main] c.a.nacos.client.logging.NacosLogging    : Load Logback Configuration of Nacos fail, message: Could not initialize Logback Nacos logging from classpath:nacos-logback.xml
2026-01-19T14:32:57.787+08:00  INFO 37304 --- [main] com.spring.UserServiceApplication        : No active profile set, falling back to 1 default profile: "default"
2026-01-19T14:32:58.281+08:00  INFO 37304 --- [main] .s.d.r.c.RepositoryConfigurationDelegate : Multiple Spring Data modules found, entering strict repository configuration mode
2026-01-19T14:32:58.282+08:00  INFO 37304 --- [main] .s.d.r.c.RepositoryConfigurationDelegate : Bootstrapping Spring Data Redis repositories in DEFAULT mode.
2026-01-19T14:32:58.307+08:00  INFO 37304 --- [main] .s.d.r.c.RepositoryConfigurationDelegate : Finished Spring Data repository scanning in 15 ms. Found 0 Redis repository interfaces.
2026-01-19T14:32:58.479+08:00  INFO 37304 --- [main] o.s.cloud.context.scope.GenericScope     : BeanFactory id=52b90e31-2b5f-34e7-a4c7-a819ddf4926c
2026-01-19T14:32:58.903+08:00  INFO 37304 --- [main] o.s.b.w.embedded.tomcat.TomcatWebServer  : Tomcat initialized with port(s): 8080 (http)
2026-01-19T14:32:58.913+08:00  INFO 37304 --- [main] o.apache.catalina.core.StandardService   : Starting service [Tomcat]
2026-01-19T14:32:58.913+08:00  INFO 37304 --- [main] o.apache.catalina.core.StandardEngine    : Starting Servlet engine: [Apache Tomcat/10.1.16]
2026-01-19T14:32:59.040+08:00  INFO 37304 --- [main] o.a.c.c.C.[Tomcat].[localhost].[/]       : Initializing Spring embedded WebApplicationContext
2026-01-19T14:32:59.041+08:00  INFO 37304 --- [main] w.s.c.ServletWebServerApplicationContext : Root WebApplicationContext: initialization completed in 1242 ms
2026-01-19T14:32:59.330+08:00  INFO 37304 --- [main] o.s.c.openfeign.FeignClientFactoryBean   : For 'blog-service' URL not provided. Will try picking an instance via load-balancing.
2026-01-19T14:32:59.892+08:00  INFO 37304 --- [main] c.a.c.sentinel.SentinelWebMvcConfigurer  : [Sentinel Starter] register SentinelWebInterceptor with urlPatterns: [/**].
2026-01-19T14:33:00.869+08:00  WARN 37304 --- [main] iguration$LoadBalancerCaffeineWarnLogger : Spring Cloud LoadBalancer is currently working with the default cache. While this cache implementation is useful for development and tests, it's recommended to use Caffeine cache in production.You can switch to using Caffeine cache, by adding it and org.springframework.cache.caffeine.CaffeineCacheManager to the classpath.
2026-01-19T14:33:00.928+08:00  WARN 37304 --- [main] ocalVariableTableParameterNameDiscoverer : Using deprecated '-debug' fallback for parameter name resolution. Compile the affected code with '-parameters' instead or avoid its introspection: org.springframework.amqp.rabbit.core.RabbitAdmin
2026-01-19T14:33:00.982+08:00  INFO 37304 --- [main] o.s.b.w.embedded.tomcat.TomcatWebServer  : Tomcat started on port(s): 8080 (http) with context path ''
2026-01-19T14:33:00.987+08:00  WARN 37304 --- [main] c.a.nacos.client.logging.NacosLogging    : Load Logback Configuration of Nacos fail, message: Could not initialize Logback Nacos logging from classpath:nacos-logback.xml
2026-01-19T14:33:00.987+08:00  INFO 37304 --- [main] com.alibaba.nacos.client.naming          : initializer namespace from ans.namespace attribute : null
2026-01-19T14:33:00.987+08:00  INFO 37304 --- [main] com.alibaba.nacos.client.naming          : initializer namespace from ALIBABA_ALIWARE_NAMESPACE attribute :null
2026-01-19T14:33:00.988+08:00  INFO 37304 --- [main] com.alibaba.nacos.client.naming          : initializer namespace from namespace attribute :null
2026-01-19T14:33:01.004+08:00  INFO 37304 --- [main] c.alibaba.nacos.client.utils.ParamUtil   : [settings] [req-serv] nacos-server port:8848
2026-01-19T14:33:01.004+08:00  INFO 37304 --- [main] c.alibaba.nacos.client.utils.ParamUtil   : [settings] [http-client] connect timeout:1000
2026-01-19T14:33:01.005+08:00  INFO 37304 --- [main] c.alibaba.nacos.client.utils.ParamUtil   : PER_TASK_CONFIG_SIZE: 3000.0
2026-01-19T14:33:01.009+08:00  INFO 37304 --- [main] c.a.n.p.a.s.c.ClientAuthPluginManager    : [ClientAuthPluginManager] Load ClientAuthService com.alibaba.nacos.client.auth.impl.NacosClientAuthServiceImpl success.
2026-01-19T14:33:01.009+08:00  INFO 37304 --- [main] c.a.n.p.a.s.c.ClientAuthPluginManager    : [ClientAuthPluginManager] Load ClientAuthService com.alibaba.nacos.client.auth.ram.RamClientAuthServiceImpl success.
2026-01-19T14:33:01.012+08:00  INFO 37304 --- [main] c.a.n.c.a.r.identify.CredentialWatcher   : null No credential found
2026-01-19T14:33:01.020+08:00  INFO 37304 --- [main] com.alibaba.nacos.common.remote.client   : [RpcClientFactory] create a new rpc client of 2d4e8dd0-7060-4dfc-9305-b9c6144f12e4
2026-01-19T14:33:01.034+08:00  INFO 37304 --- [main] com.alibaba.nacos.common.remote.client   : [2d4e8dd0-7060-4dfc-9305-b9c6144f12e4] RpcClient init, ServerListFactory = com.alibaba.nacos.client.naming.core.ServerListManager
2026-01-19T14:33:01.034+08:00  INFO 37304 --- [main] com.alibaba.nacos.common.remote.client   : [2d4e8dd0-7060-4dfc-9305-b9c6144f12e4] Registry connection listener to current client:com.alibaba.nacos.client.naming.remote.gprc.redo.NamingGrpcRedoService
2026-01-19T14:33:01.035+08:00  INFO 37304 --- [main] com.alibaba.nacos.common.remote.client   : [2d4e8dd0-7060-4dfc-9305-b9c6144f12e4] Register server push request handler:com.alibaba.nacos.client.naming.remote.gprc.NamingPushRequestHandler
2026-01-19T14:33:01.036+08:00  INFO 37304 --- [main] com.alibaba.nacos.common.remote.client   : [2d4e8dd0-7060-4dfc-9305-b9c6144f12e4] Try to connect to server on start up, server: {serverIp = '43.138.24.159', server main port = 8848}
2026-01-19T14:33:01.039+08:00  INFO 37304 --- [main] c.a.n.c.remote.client.grpc.GrpcClient    : grpc client connection server:43.138.24.159 ip,serverPort:9848,grpcTslConfig:{"sslProvider":"OPENSSL","enableTls":false,"mutualAuthEnable":false,"trustAll":false}
2026-01-19T14:33:02.006+08:00  INFO 37304 --- [main] com.alibaba.nacos.common.remote.client   : [2d4e8dd0-7060-4dfc-9305-b9c6144f12e4] Success to connect to server [43.138.24.159:8848] on start up, connectionId = 1768804388303_210.41.102.137_60613
2026-01-19T14:33:02.006+08:00  INFO 37304 --- [com.alibaba.nacos.client.remote.worker] com.alibaba.nacos.common.remote.client   : [2d4e8dd0-7060-4dfc-9305-b9c6144f12e4] Notify connected event to listeners.
2026-01-19T14:33:02.007+08:00  INFO 37304 --- [main] com.alibaba.nacos.common.remote.client   : [2d4e8dd0-7060-4dfc-9305-b9c6144f12e4] Register server push request handler:com.alibaba.nacos.common.remote.client.RpcClient$ConnectResetRequestHandler
2026-01-19T14:33:02.007+08:00  INFO 37304 --- [com.alibaba.nacos.client.remote.worker] com.alibaba.nacos.client.naming          : Grpc connection connect
2026-01-19T14:33:02.007+08:00  INFO 37304 --- [main] com.alibaba.nacos.common.remote.client   : [2d4e8dd0-7060-4dfc-9305-b9c6144f12e4] Register server push request handler:com.alibaba.nacos.common.remote.client.RpcClient$$Lambda$1425/0x0000026c4f905350
2026-01-19T14:33:02.008+08:00  INFO 37304 --- [main] com.alibaba.nacos.client.naming          : [REGISTER-SERVICE] public registering service user-service with instance Instance{instanceId='null', ip='192.168.31.202', port=8080, weight=1.0, healthy=true, enabled=true, ephemeral=true, clusterName='DEFAULT', serviceName='null', metadata={IPv6=null, preserved.register.source=SPRING_CLOUD}}
2026-01-19T14:33:02.055+08:00  INFO 37304 --- [main] c.a.c.n.registry.NacosServiceRegistry    : nacos registry, DEFAULT_GROUP user-service 192.168.31.202:8080 register finished
2026-01-19T14:33:02.289+08:00  INFO 37304 --- [main] o.s.a.r.c.CachingConnectionFactory       : Attempting to connect to: [43.138.24.159:5672]
2026-01-19T14:33:02.489+08:00  INFO 37304 --- [main] o.s.a.r.c.CachingConnectionFactory       : Created new connection: rabbitConnectionFactory#67c2b55d:0/SimpleConnection@2b0d818d [delegate=amqp://admin@43.138.24.159:5672/blog, localPort=60615]
2026-01-19T14:33:03.070+08:00  INFO 37304 --- [main] com.spring.UserServiceApplication        : Started UserServiceApplication in 6.415 seconds (process running for 7.063)
2026-01-19T14:33:17.560+08:00  INFO 37304 --- [http-nio-8080-exec-1] o.a.c.c.C.[Tomcat].[localhost].[/]       : Initializing Spring DispatcherServlet 'dispatcherServlet'
2026-01-19T14:33:17.561+08:00  INFO 37304 --- [http-nio-8080-exec-1] o.s.web.servlet.DispatcherServlet        : Initializing Servlet 'dispatcherServlet'
2026-01-19T14:33:17.562+08:00  INFO 37304 --- [http-nio-8080-exec-1] o.s.web.servlet.DispatcherServlet        : Completed initialization in 1 ms
2026-01-19T14:33:17.736+08:00  INFO 37304 --- [http-nio-8080-exec-1] com.spring.controller.UserController     : 用户登录, userName: zhangsan
2026-01-19T14:33:18.132+08:00  INFO 37304 --- [http-nio-8080-exec-1] com.spring.utils.RedisUtil               : Redis hasKey error key: user:zhangsan
2026-01-19T14:33:18.205+08:00  INFO 37304 --- [http-nio-8080-exec-1] com.zaxxer.hikari.HikariDataSource       : HikariPool-1 - Starting...
2026-01-19T14:33:18.335+08:00  INFO 37304 --- [http-nio-8080-exec-1] com.zaxxer.hikari.pool.HikariPool        : HikariPool-1 - Added connection com.mysql.cj.jdbc.ConnectionImpl@81219f3
2026-01-19T14:33:18.337+08:00  INFO 37304 --- [http-nio-8080-exec-1] com.zaxxer.hikari.HikariDataSource       : HikariPool-1 - Start completed.
2026-01-19T14:33:18.571+08:00  INFO 37304 --- [http-nio-8080-exec-1] com.spring.utils.RedisUtil               : Redis set error key: user:zhangsan
2026-01-19T14:33:40.014+08:00  INFO 37304 --- [http-nio-8080-exec-2] com.alibaba.nacos.client.naming          : [SUBSCRIBE-SERVICE] service:blog-service, group:DEFAULT_GROUP, clusters: 
2026-01-19T14:33:40.060+08:00  INFO 37304 --- [http-nio-8080-exec-2] com.alibaba.nacos.client.naming          : init new ips(1) service: DEFAULT_GROUP@@blog-service -> [{"ip":"192.168.31.202","port":9090,"weight":1.0,"healthy":true,"enabled":true,"ephemeral":true,"clusterName":"DEFAULT","serviceName":"DEFAULT_GROUP@@blog-service","metadata":{"preserved.register.source":"SPRING_CLOUD"},"ipDeleteTimeout":30000,"instanceHeartBeatInterval":5000,"instanceHeartBeatTimeOut":15000}]
2026-01-19T14:33:40.068+08:00  INFO 37304 --- [http-nio-8080-exec-2] com.alibaba.nacos.client.naming          : current ips:(1) service: DEFAULT_GROUP@@blog-service -> [{"ip":"192.168.31.202","port":9090,"weight":1.0,"healthy":true,"enabled":true,"ephemeral":true,"clusterName":"DEFAULT","serviceName":"DEFAULT_GROUP@@blog-service","metadata":{"preserved.register.source":"SPRING_CLOUD"},"ipDeleteTimeout":30000,"instanceHeartBeatInterval":5000,"instanceHeartBeatTimeOut":15000}]
2026-01-19T14:33:40.658+08:00  INFO 37304 --- [nacos-grpc-client-executor-43.138.24.159-20] com.alibaba.nacos.common.remote.client   : [2d4e8dd0-7060-4dfc-9305-b9c6144f12e4] Receive server push request, request = NotifySubscriberRequest, requestId = 238
2026-01-19T14:33:40.658+08:00  INFO 37304 --- [nacos-grpc-client-executor-43.138.24.159-20] com.alibaba.nacos.common.remote.client   : [2d4e8dd0-7060-4dfc-9305-b9c6144f12e4] Ack server push request, request = NotifySubscriberRequest, requestId = 238
2026-01-19T14:33:47.011+08:00  WARN 37304 --- [Thread-6] c.a.nacos.common.notify.NotifyCenter     : [NotifyCenter] Start destroying Publisher
2026-01-19T14:33:47.011+08:00  WARN 37304 --- [Thread-9] c.a.n.common.http.HttpClientBeanHolder   : [HttpClientBeanHolder] Start destroying common HttpClient
2026-01-19T14:33:47.011+08:00  WARN 37304 --- [Thread-6] c.a.nacos.common.notify.NotifyCenter     : [NotifyCenter] Destruction of the end
2026-01-19T14:33:47.012+08:00  WARN 37304 --- [Thread-9] c.a.n.common.http.HttpClientBeanHolder   : [HttpClientBeanHolder] Destruction of the end
2026-01-19T14:33:47.055+08:00  INFO 37304 --- [org.springframework.amqp.rabbit.RabbitListenerEndpointContainer#0-2] o.s.a.r.l.SimpleMessageListenerContainer : Waiting for workers to finish.
2026-01-19T14:33:47.095+08:00  INFO 37304 --- [org.springframework.amqp.rabbit.RabbitListenerEndpointContainer#1-2] o.s.a.r.l.SimpleMessageListenerContainer : Waiting for workers to finish.
2026-01-19T14:33:47.368+08:00  INFO 37304 --- [org.springframework.amqp.rabbit.RabbitListenerEndpointContainer#0-2] o.s.a.r.l.SimpleMessageListenerContainer : Successfully waited for workers to finish.
2026-01-19T14:33:47.582+08:00  INFO 37304 --- [org.springframework.amqp.rabbit.RabbitListenerEndpointContainer#1-2] o.s.a.r.l.SimpleMessageListenerContainer : Successfully waited for workers to finish.
2026-01-19T14:33:47.655+08:00  INFO 37304 --- [nacos-grpc-client-executor-43.138.24.159-22] com.alibaba.nacos.common.remote.client   : [2d4e8dd0-7060-4dfc-9305-b9c6144f12e4] Receive server push request, request = NotifySubscriberRequest, requestId = 239
2026-01-19T14:33:47.656+08:00  INFO 37304 --- [nacos-grpc-client-executor-43.138.24.159-22] com.alibaba.nacos.client.naming          : removed ips(1) service: DEFAULT_GROUP@@blog-service -> [{"ip":"192.168.31.202","port":9090,"weight":1.0,"healthy":true,"enabled":true,"ephemeral":true,"clusterName":"DEFAULT","serviceName":"DEFAULT_GROUP@@blog-service","metadata":{"preserved.register.source":"SPRING_CLOUD"},"ipDeleteTimeout":30000,"instanceHeartBeatInterval":5000,"instanceHeartBeatTimeOut":15000}]
2026-01-19T14:33:47.656+08:00  INFO 37304 --- [nacos-grpc-client-executor-43.138.24.159-22] com.alibaba.nacos.client.naming          : current ips:(0) service: DEFAULT_GROUP@@blog-service -> []
2026-01-19T14:33:47.657+08:00  INFO 37304 --- [nacos-grpc-client-executor-43.138.24.159-22] com.alibaba.nacos.common.remote.client   : [2d4e8dd0-7060-4dfc-9305-b9c6144f12e4] Ack server push request, request = NotifySubscriberRequest, requestId = 239
2026-01-19T14:33:47.659+08:00  INFO 37304 --- [SpringApplicationShutdownHook] c.a.c.n.registry.NacosServiceRegistry    : De-registering from Nacos Server now...
2026-01-19T14:33:47.659+08:00  INFO 37304 --- [SpringApplicationShutdownHook] com.alibaba.nacos.client.naming          : [DEREGISTER-SERVICE] public deregistering service user-service with instance: Instance{instanceId='null', ip='192.168.31.202', port=8080, weight=1.0, healthy=true, enabled=true, ephemeral=true, clusterName='DEFAULT', serviceName='null', metadata={}}
2026-01-19T14:33:47.699+08:00  INFO 37304 --- [SpringApplicationShutdownHook] c.a.c.n.registry.NacosServiceRegistry    : De-registration finished.
2026-01-19T14:33:47.701+08:00  INFO 37304 --- [SpringApplicationShutdownHook] com.alibaba.nacos.client.naming          : com.alibaba.nacos.client.naming.cache.ServiceInfoHolder do shutdown begin
2026-01-19T14:33:47.701+08:00  INFO 37304 --- [SpringApplicationShutdownHook] com.alibaba.nacos.client.naming          : com.alibaba.nacos.client.naming.backups.FailoverReactor do shutdown begin
2026-01-19T14:33:47.701+08:00  INFO 37304 --- [SpringApplicationShutdownHook] com.alibaba.nacos.client.naming          : com.alibaba.nacos.client.naming.backups.FailoverReactor do shutdown stop
2026-01-19T14:33:47.701+08:00  INFO 37304 --- [SpringApplicationShutdownHook] com.alibaba.nacos.client.naming          : com.alibaba.nacos.client.naming.cache.ServiceInfoHolder do shutdown stop
2026-01-19T14:33:47.701+08:00  INFO 37304 --- [SpringApplicationShutdownHook] com.alibaba.nacos.client.naming          : com.alibaba.nacos.client.naming.remote.NamingClientProxyDelegate do shutdown begin
2026-01-19T14:33:47.701+08:00  INFO 37304 --- [SpringApplicationShutdownHook] com.alibaba.nacos.client.naming          : com.alibaba.nacos.client.naming.core.ServiceInfoUpdateService do shutdown begin
2026-01-19T14:33:47.701+08:00  INFO 37304 --- [SpringApplicationShutdownHook] com.alibaba.nacos.client.naming          : com.alibaba.nacos.client.naming.core.ServiceInfoUpdateService do shutdown stop
2026-01-19T14:33:47.701+08:00  INFO 37304 --- [SpringApplicationShutdownHook] com.alibaba.nacos.client.naming          : com.alibaba.nacos.client.naming.core.ServerListManager do shutdown begin
2026-01-19T14:33:47.701+08:00  WARN 37304 --- [SpringApplicationShutdownHook] com.alibaba.nacos.client.naming          : [NamingHttpClientManager] Start destroying NacosRestTemplate
2026-01-19T14:33:47.701+08:00  WARN 37304 --- [SpringApplicationShutdownHook] com.alibaba.nacos.client.naming          : [NamingHttpClientManager] Destruction of the end
2026-01-19T14:33:47.701+08:00  INFO 37304 --- [SpringApplicationShutdownHook] com.alibaba.nacos.client.naming          : com.alibaba.nacos.client.naming.core.ServerListManager do shutdown stop
2026-01-19T14:33:47.702+08:00  INFO 37304 --- [SpringApplicationShutdownHook] com.alibaba.nacos.client.naming          : com.alibaba.nacos.client.naming.remote.http.NamingHttpClientProxy do shutdown begin
2026-01-19T14:33:47.702+08:00  WARN 37304 --- [SpringApplicationShutdownHook] com.alibaba.nacos.client.naming          : [NamingHttpClientManager] Start destroying NacosRestTemplate
2026-01-19T14:33:47.702+08:00  WARN 37304 --- [SpringApplicationShutdownHook] com.alibaba.nacos.client.naming          : [NamingHttpClientManager] Destruction of the end
2026-01-19T14:33:47.702+08:00  INFO 37304 --- [SpringApplicationShutdownHook] com.alibaba.nacos.client.naming          : com.alibaba.nacos.client.naming.remote.http.NamingHttpClientProxy do shutdown stop
2026-01-19T14:33:47.702+08:00  INFO 37304 --- [SpringApplicationShutdownHook] com.alibaba.nacos.common.remote.client   : Shutdown rpc client, set status to shutdown
2026-01-19T14:33:47.702+08:00  INFO 37304 --- [SpringApplicationShutdownHook] com.alibaba.nacos.common.remote.client   : Shutdown client event executor java.util.concurrent.ScheduledThreadPoolExecutor@38ec544e[Running, pool size = 2, active threads = 2, queued tasks = 0, completed tasks = 0]
2026-01-19T14:33:47.702+08:00  INFO 37304 --- [SpringApplicationShutdownHook] com.alibaba.nacos.common.remote.client   : Close current connection 1768804388303_210.41.102.137_60613
2026-01-19T14:33:47.706+08:00  INFO 37304 --- [SpringApplicationShutdownHook] c.a.n.c.remote.client.grpc.GrpcClient    : Shutdown grpc executor java.util.concurrent.ThreadPoolExecutor@7b036001[Running, pool size = 7, active threads = 0, queued tasks = 0, completed tasks = 24]
2026-01-19T14:33:47.706+08:00  INFO 37304 --- [SpringApplicationShutdownHook] com.alibaba.nacos.client.naming          : Shutdown grpc redo service executor java.util.concurrent.ScheduledThreadPoolExecutor@28c8a45e[Running, pool size = 1, active threads = 0, queued tasks = 1, completed tasks = 15]
2026-01-19T14:33:47.706+08:00  INFO 37304 --- [SpringApplicationShutdownHook] c.a.n.c.a.r.identify.CredentialWatcher   : [null] CredentialWatcher is stopped
2026-01-19T14:33:47.706+08:00  INFO 37304 --- [SpringApplicationShutdownHook] c.a.n.c.a.r.identify.CredentialService   : [null] CredentialService is freed
2026-01-19T14:33:47.706+08:00  INFO 37304 --- [SpringApplicationShutdownHook] com.alibaba.nacos.client.naming          : com.alibaba.nacos.client.naming.remote.NamingClientProxyDelegate do shutdown stop
2026-01-19T14:33:47.830+08:00  INFO 37304 --- [SpringApplicationShutdownHook] com.zaxxer.hikari.HikariDataSource       : HikariPool-1 - Shutdown initiated...
2026-01-19T14:33:47.835+08:00  INFO 37304 --- [SpringApplicationShutdownHook] com.zaxxer.hikari.HikariDataSource       : HikariPool-1 - Shutdown completed.
